[debug] [2024-11-12T21:11:44.743Z] ----------------------------------------------------------------------
[debug] [2024-11-12T21:11:44.746Z] Command:       C:\Program Files\nodejs\node.exe C:\Users\Gaspar\AppData\Roaming\npm\node_modules\firebase-tools\lib\bin\firebase.js init
[debug] [2024-11-12T21:11:44.746Z] CLI Version:   13.17.0
[debug] [2024-11-12T21:11:44.746Z] Platform:      win32
[debug] [2024-11-12T21:11:44.746Z] Node Version:  v20.13.1
[debug] [2024-11-12T21:11:44.746Z] Time:          Tue Nov 12 2024 18:11:44 GMT-0300 (hora estándar de Argentina)
[debug] [2024-11-12T21:11:44.747Z] ----------------------------------------------------------------------
[debug] 
[debug] [2024-11-12T21:11:44.755Z] > command requires scopes: ["email","openid","https://www.googleapis.com/auth/cloudplatformprojects.readonly","https://www.googleapis.com/auth/firebase","https://www.googleapis.com/auth/cloud-platform"]
[debug] [2024-11-12T21:11:44.755Z] > authorizing via signed-in user (gggaspen@gmail.com)
[info] 
     ######## #### ########  ######## ########     ###     ######  ########
     ##        ##  ##     ## ##       ##     ##  ##   ##  ##       ##
     ######    ##  ########  ######   ########  #########  ######  ######
     ##        ##  ##    ##  ##       ##     ## ##     ##       ## ##
     ##       #### ##     ## ######## ########  ##     ##  ######  ########

You're about to initialize a Firebase project in this directory:

  C:\Users\Gaspar\Documents\+\_DREAMPLACE\_root\dreamplace

[info] 
=== Project Setup
[info] 
[info] First, let's associate this project directory with a Firebase project.
[info] You can create multiple project aliases by running firebase use --add, 
[info] but for now we'll just set up a default project.
[info] 
[debug] [2024-11-12T21:11:51.163Z] >>> [apiv2][query] GET https://firebase.googleapis.com/v1beta1/projects pageSize=100
[debug] [2024-11-12T21:11:52.080Z] <<< [apiv2][status] GET https://firebase.googleapis.com/v1beta1/projects 200
[debug] [2024-11-12T21:11:52.080Z] <<< [apiv2][body] GET https://firebase.googleapis.com/v1beta1/projects [omitted]
[info] i  Using project dreamplace-front (dreamplace-front) 
[info] 
=== Hosting Setup
[debug] [2024-11-12T21:11:56.480Z] >>> [apiv2][query] GET https://firebase.googleapis.com/v1beta1/projects/dreamplace-front [none]
[debug] [2024-11-12T21:11:56.764Z] <<< [apiv2][status] GET https://firebase.googleapis.com/v1beta1/projects/dreamplace-front 200
[debug] [2024-11-12T21:11:56.765Z] <<< [apiv2][body] GET https://firebase.googleapis.com/v1beta1/projects/dreamplace-front {"projectId":"dreamplace-front","projectNumber":"379558549848","displayName":"dreamplace-front","name":"projects/dreamplace-front","resources":{"hostingSite":"dreamplace-front"},"state":"ACTIVE","etag":"1_750b56b4-261b-453c-b66c-fb7a975eaa2c"}
[info] 
[info] Your public directory is the folder (relative to your project directory) that
[info] will contain Hosting assets to be uploaded with firebase deploy. If you
[info] have a build process for your assets, use your build's output directory.
[info] 
